1589587291.342223 client started (83248): version 3.1a, socket /tmp//tmux-502/default, protocol 8
1589587291.342278 on Darwin 18.7.0 Darwin Kernel Version 18.7.0: Thu Jan 23 06:52:12 PST 2020; root:xnu-4903.278.25~1/RELEASE_X86_64; libevent 2.1.11-stable (select)
1589587291.342328 socket is /tmp//tmux-502/default
1589587291.342355 trying connect
1589587291.342451 add peer 0x10242e000: 6 (0x0)
1589587291.344020 sending message 100 to peer 0x10242e000 (4 bytes)
1589587291.344055 sending message 101 to peer 0x10242e000 (15 bytes)
1589587291.344072 sending message 102 to peer 0x10242e000 (13 bytes)
1589587291.344085 sending message 108 to peer 0x10242e000 (77 bytes)
1589587291.344108 sending message 104 to peer 0x10242e000 (0 bytes)
1589587291.344122 sending message 107 to peer 0x10242e000 (4 bytes)
1589587291.344135 sending message 105 to peer 0x10242e000 (76 bytes)
1589587291.344147 sending message 105 to peer 0x10242e000 (21 bytes)
1589587291.344159 sending message 105 to peer 0x10242e000 (17 bytes)
1589587291.344171 sending message 105 to peer 0x10242e000 (17 bytes)
1589587291.344185 sending message 105 to peer 0x10242e000 (3250 bytes)
1589587291.344206 sending message 105 to peer 0x10242e000 (81 bytes)
1589587291.344219 sending message 105 to peer 0x10242e000 (24 bytes)
1589587291.344231 sending message 105 to peer 0x10242e000 (15 bytes)
1589587291.344244 sending message 105 to peer 0x10242e000 (66 bytes)
1589587291.344256 sending message 105 to peer 0x10242e000 (20 bytes)
1589587291.344269 sending message 105 to peer 0x10242e000 (28 bytes)
1589587291.344282 sending message 105 to peer 0x10242e000 (27 bytes)
1589587291.344294 sending message 105 to peer 0x10242e000 (53 bytes)
1589587291.344306 sending message 105 to peer 0x10242e000 (57 bytes)
1589587291.344319 sending message 105 to peer 0x10242e000 (34 bytes)
1589587291.344332 sending message 105 to peer 0x10242e000 (14 bytes)
1589587291.344344 sending message 105 to peer 0x10242e000 (56 bytes)
1589587291.344356 sending message 105 to peer 0x10242e000 (14 bytes)
1589587291.344369 sending message 105 to peer 0x10242e000 (14 bytes)
1589587291.344381 sending message 105 to peer 0x10242e000 (19 bytes)
1589587291.344393 sending message 105 to peer 0x10242e000 (8 bytes)
1589587291.344406 sending message 105 to peer 0x10242e000 (78 bytes)
1589587291.344419 sending message 105 to peer 0x10242e000 (21 bytes)
1589587291.344431 sending message 105 to peer 0x10242e000 (19 bytes)
1589587291.344443 sending message 105 to peer 0x10242e000 (21 bytes)
1589587291.344456 sending message 105 to peer 0x10242e000 (12 bytes)
1589587291.344468 sending message 105 to peer 0x10242e000 (15 bytes)
1589587291.344483 sending message 105 to peer 0x10242e000 (16 bytes)
1589587291.344496 sending message 105 to peer 0x10242e000 (16 bytes)
1589587291.344508 sending message 105 to peer 0x10242e000 (11 bytes)
1589587291.344521 sending message 105 to peer 0x10242e000 (67 bytes)
1589587291.344534 sending message 105 to peer 0x10242e000 (18 bytes)
1589587291.344546 sending message 105 to peer 0x10242e000 (25 bytes)
1589587291.344558 sending message 105 to peer 0x10242e000 (25 bytes)
1589587291.344570 sending message 105 to peer 0x10242e000 (21 bytes)
1589587291.344582 sending message 105 to peer 0x10242e000 (21 bytes)
1589587291.344594 sending message 105 to peer 0x10242e000 (28 bytes)
1589587291.344607 sending message 105 to peer 0x10242e000 (21 bytes)
1589587291.344619 sending message 105 to peer 0x10242e000 (25 bytes)
1589587291.344631 sending message 105 to peer 0x10242e000 (27 bytes)
1589587291.344657 sending message 105 to peer 0x10242e000 (30 bytes)
1589587291.344669 sending message 105 to peer 0x10242e000 (23 bytes)
1589587291.344680 sending message 105 to peer 0x10242e000 (24 bytes)
1589587291.344692 sending message 105 to peer 0x10242e000 (18 bytes)
1589587291.344704 sending message 105 to peer 0x10242e000 (23 bytes)
1589587291.344716 sending message 105 to peer 0x10242e000 (30 bytes)
1589587291.344728 sending message 105 to peer 0x10242e000 (43 bytes)
1589587291.344740 sending message 105 to peer 0x10242e000 (38 bytes)
1589587291.344764 sending message 105 to peer 0x10242e000 (15 bytes)
1589587291.344774 sending message 105 to peer 0x10242e000 (17 bytes)
1589587291.344783 sending message 105 to peer 0x10242e000 (11 bytes)
1589587291.344793 sending message 105 to peer 0x10242e000 (40 bytes)
1589587291.344802 sending message 105 to peer 0x10242e000 (43 bytes)
1589587291.344812 sending message 105 to peer 0x10242e000 (43 bytes)
1589587291.344822 sending message 105 to peer 0x10242e000 (44 bytes)
1589587291.344831 sending message 105 to peer 0x10242e000 (13 bytes)
1589587291.344840 sending message 105 to peer 0x10242e000 (36 bytes)
1589587291.344850 sending message 105 to peer 0x10242e000 (43 bytes)
1589587291.344859 sending message 105 to peer 0x10242e000 (16 bytes)
1589587291.344869 sending message 105 to peer 0x10242e000 (37 bytes)
1589587291.344879 sending message 105 to peer 0x10242e000 (22 bytes)
1589587291.344888 sending message 105 to peer 0x10242e000 (25 bytes)
1589587291.344901 sending message 105 to peer 0x10242e000 (23 bytes)
1589587291.344911 sending message 105 to peer 0x10242e000 (19 bytes)
1589587291.344920 sending message 105 to peer 0x10242e000 (21 bytes)
1589587291.344929 sending message 105 to peer 0x10242e000 (22 bytes)
1589587291.344939 sending message 105 to peer 0x10242e000 (18 bytes)
1589587291.344948 sending message 105 to peer 0x10242e000 (26 bytes)
1589587291.344958 sending message 105 to peer 0x10242e000 (30 bytes)
1589587291.344967 sending message 105 to peer 0x10242e000 (36 bytes)
1589587291.344976 sending message 105 to peer 0x10242e000 (23 bytes)
1589587291.344986 sending message 105 to peer 0x10242e000 (62 bytes)
1589587291.344996 sending message 105 to peer 0x10242e000 (46 bytes)
1589587291.345005 sending message 105 to peer 0x10242e000 (19 bytes)
1589587291.345015 sending message 105 to peer 0x10242e000 (49 bytes)
1589587291.345024 sending message 105 to peer 0x10242e000 (28 bytes)
1589587291.345034 sending message 105 to peer 0x10242e000 (63 bytes)
1589587291.345043 sending message 105 to peer 0x10242e000 (19 bytes)
1589587291.345053 sending message 105 to peer 0x10242e000 (29 bytes)
1589587291.345062 sending message 105 to peer 0x10242e000 (24 bytes)
1589587291.345072 sending message 105 to peer 0x10242e000 (42 bytes)
1589587291.345081 sending message 105 to peer 0x10242e000 (51 bytes)
1589587291.345090 sending message 105 to peer 0x10242e000 (56 bytes)
1589587291.345100 sending message 105 to peer 0x10242e000 (54 bytes)
1589587291.345109 sending message 105 to peer 0x10242e000 (53 bytes)
1589587291.345119 sending message 105 to peer 0x10242e000 (16 bytes)
1589587291.345129 sending message 105 to peer 0x10242e000 (65 bytes)
1589587291.345138 sending message 105 to peer 0x10242e000 (55 bytes)
1589587291.345148 sending message 105 to peer 0x10242e000 (17 bytes)
1589587291.345157 sending message 105 to peer 0x10242e000 (53 bytes)
1589587291.345167 sending message 105 to peer 0x10242e000 (16 bytes)
1589587291.345176 sending message 105 to peer 0x10242e000 (53 bytes)
1589587291.345186 sending message 105 to peer 0x10242e000 (16 bytes)
1589587291.345195 sending message 105 to peer 0x10242e000 (13 bytes)
1589587291.345205 sending message 105 to peer 0x10242e000 (35 bytes)
1589587291.345214 sending message 105 to peer 0x10242e000 (32 bytes)
1589587291.345226 sending message 105 to peer 0x10242e000 (22 bytes)
1589587291.345236 sending message 106 to peer 0x10242e000 (0 bytes)
1589587291.345250 sending message 200 to peer 0x10242e000 (4 bytes)
1589587291.345260 client loop enter
1589587291.345535 peer 0x10242e000 message 303
1589587291.345560 open write file 2 -
1589587291.345600 sending message 305 to peer 0x10242e000 (8 bytes)
1589587291.345699 peer 0x10242e000 message 304
1589587291.345713 write 58 to file 2
1589587291.345726 peer 0x10242e000 message 203
1589587291.345737 file 2 58 bytes left
1589587291.345794 client loop exit
